<?xml version="1.0" encoding="UTF-8"?>
<testsuite xmlns:xsi="http://www.w3.org/2001/XMLSchema-instance" xsi:noNamespaceSchemaLocation="https://maven.apache.org/surefire/maven-surefire-plugin/xsd/surefire-test-report-3.0.xsd" version="3.0" name="com.bookingmx.reservations.controller.ReservationControllerTest" time="13.319" tests="8" errors="0" skipped="0" failures="0">
  <properties>
[...]
</properties>
  <testcase name="testCorsConfiguration" classname="com.bookingmx.reservations.controller.ReservationControllerTest" time="0.423">
    <system-out><![CDATA[22:52:53.822 [main] INFO org.springframework.test.context.support.AnnotationConfigContextLoaderUtils -- Could not detect default configuration classes for test class [com.bookingmx.reservations.controller.ReservationControllerTest]: ReservationControllerTest does not declare any static, non-private, non-final, nested classes annotated with @Configuration.
22:52:54.309 [main] INFO org.springframework.boot.test.context.SpringBootTestContextBootstrapper -- Found @SpringBootConfiguration com.bookingmx.reservations.BookingMxApplication for test class com.bookingmx.reservations.controller.ReservationControllerTest

  .   ____          _            __ _ _
 /\\ / ___'_ __ _ _(_)_ __  __ _ \ \ \ \
( ( )\___ | '_ | '_| | '_ \/ _` | \ \ \ \
 \\/  ___)| |_)| | | | | || (_| |  ) ) ) )
  '  |____| .__|_| |_|_| |_\__, | / / / /
 =========|_|==============|___/=/_/_/_/

 :: Spring Boot ::                (v3.3.4)

2025-11-29T22:52:56.330-06:00  INFO 18388 --- [bookingmx-backend] [           main] c.b.r.c.ReservationControllerTest        : Starting ReservationControllerTest using Java 21.0.8 with PID 18388 (started by Xoch in C:\Users\Xoch\Documents\Repos\BookingMx\backend)
2025-11-29T22:52:56.334-06:00  INFO 18388 --- [bookingmx-backend] [           main] c.b.r.c.ReservationControllerTest        : No active profile set, falling back to 1 default profile: "default"
2025-11-29T22:53:04.086-06:00  INFO 18388 --- [bookingmx-backend] [           main] c.b.r.c.ReservationControllerTest        : Started ReservationControllerTest in 9.535 seconds (process running for 12.969)
]]></system-out>
    <system-err><![CDATA[WARNING: A Java agent has been loaded dynamically (C:\Users\Xoch\.m2\repository\net\bytebuddy\byte-buddy-agent\1.14.19\byte-buddy-agent-1.14.19.jar)
WARNING: If a serviceability tool is in use, please run with -XX:+EnableDynamicAgentLoading to hide this warning
WARNING: If a serviceability tool is not in use, please run with -Djdk.instrument.traceUsage for more information
WARNING: Dynamic loading of agents will be disallowed by default in a future release
]]></system-err>
  </testcase>
  <testcase name="testCancelReservation_Success" classname="com.bookingmx.reservations.controller.ReservationControllerTest" time="1.088"/>
  <testcase name="testListReservations" classname="com.bookingmx.reservations.controller.ReservationControllerTest" time="0.055"/>
  <testcase name="testListReservations_Empty" classname="com.bookingmx.reservations.controller.ReservationControllerTest" time="0.023"/>
  <testcase name="testCreateReservation_BlankGuestName" classname="com.bookingmx.reservations.controller.ReservationControllerTest" time="0.594"/>
  <testcase name="testCreateReservation_PastDates" classname="com.bookingmx.reservations.controller.ReservationControllerTest" time="0.014"/>
  <testcase name="testCreateReservation_Success" classname="com.bookingmx.reservations.controller.ReservationControllerTest" time="0.02"/>
  <testcase name="testUpdateReservation_Success" classname="com.bookingmx.reservations.controller.ReservationControllerTest" time="0.018"/>
</testsuite>